[2023-11-17 18:56:18] local.ERROR: SQLSTATE[HY000] [2002] No se puede establecer una conexión ya que el equipo de destino denegó expresamente dicha conexión (Connection: mysql, SQL: delete from `migrations` where `migration` = 2019_08_19_000000_create_failed_jobs_table) {"exception":"[object] (Illuminate\\Database\\QueryException(code: 2002): SQLSTATE[HY000] [2002] No se puede establecer una conexión ya que el equipo de destino denegó expresamente dicha conexión (Connection: mysql, SQL: delete from `migrations` where `migration` = 2019_08_19_000000_create_failed_jobs_table) at C:\\Users\\parra\\OneDrive\\Documentos\\U\\5to semestre\\Ingenieria de software 2\\PoliApuestas\\backend\\vendor\\laravel\\framework\\src\\Illuminate\\Database\\Connection.php:795)
[stacktrace]
#0 C:\\Users\\parra\\OneDrive\\Documentos\\U\\5to semestre\\Ingenieria de software 2\\PoliApuestas\\backend\\vendor\\laravel\\framework\\src\\Illuminate\\Database\\Connection.php(934): Illuminate\\Database\\Connection->runQueryCallback('delete from `mi...', Array, Object(Closure))
#1 C:\\Users\\parra\\OneDrive\\Documentos\\U\\5to semestre\\Ingenieria de software 2\\PoliApuestas\\backend\\vendor\\laravel\\framework\\src\\Illuminate\\Database\\Connection.php(914): Illuminate\\Database\\Connection->tryAgainIfCausedByLostConnection(Object(Illuminate\\Database\\QueryException), 'delete from `mi...', Array, Object(Closure))
#2 C:\\Users\\parra\\OneDrive\\Documentos\\U\\5to semestre\\Ingenieria de software 2\\PoliApuestas\\backend\\vendor\\laravel\\framework\\src\\Illuminate\\Database\\Connection.php(758): Illuminate\\Database\\Connection->handleQueryException(Object(Illuminate\\Database\\QueryException), 'delete from `mi...', Array, Object(Closure))
#3 C:\\Users\\parra\\OneDrive\\Documentos\\U\\5to semestre\\Ingenieria de software 2\\PoliApuestas\\backend\\vendor\\laravel\\framework\\src\\Illuminate\\Database\\Connection.php(612): Illuminate\\Database\\Connection->run('delete from `mi...', Array, Object(Closure))
#4 C:\\Users\\parra\\OneDrive\\Documentos\\U\\5to semestre\\Ingenieria de software 2\\PoliApuestas\\backend\\vendor\\laravel\\framework\\src\\Illuminate\\Database\\Connection.php(557): Illuminate\\Database\\Connection->affectingStatement('delete from `mi...', Array)
#5 C:\\Users\\parra\\OneDrive\\Documentos\\U\\5to semestre\\Ingenieria de software 2\\PoliApuestas\\backend\\vendor\\laravel\\framework\\src\\Illuminate\\Database\\Query\\Builder.php(3613): Illuminate\\Database\\Connection->delete('delete from `mi...', Array)
#6 C:\\Users\\parra\\OneDrive\\Documentos\\U\\5to semestre\\Ingenieria de software 2\\PoliApuestas\\backend\\vendor\\laravel\\framework\\src\\Illuminate\\Database\\Migrations\\DatabaseMigrationRepository.php(133): Illuminate\\Database\\Query\\Builder->delete()
#7 C:\\Users\\parra\\OneDrive\\Documentos\\U\\5to semestre\\Ingenieria de software 2\\PoliApuestas\\backend\\vendor\\laravel\\framework\\src\\Illuminate\\Database\\Migrations\\Migrator.php(390): Illuminate\\Database\\Migrations\\DatabaseMigrationRepository->delete(Object(stdClass))
#8 C:\\Users\\parra\\OneDrive\\Documentos\\U\\5to semestre\\Ingenieria de software 2\\PoliApuestas\\backend\\vendor\\laravel\\framework\\src\\Illuminate\\Database\\Migrations\\Migrator.php(306): Illuminate\\Database\\Migrations\\Migrator->runDown('C:\\\\Users\\\\parra\\\\...', Object(stdClass), false)
#9 C:\\Users\\parra\\OneDrive\\Documentos\\U\\5to semestre\\Ingenieria de software 2\\PoliApuestas\\backend\\vendor\\laravel\\framework\\src\\Illuminate\\Database\\Migrations\\Migrator.php(246): Illuminate\\Database\\Migrations\\Migrator->rollbackMigrations(Array, Array, Array)
#10 C:\\Users\\parra\\OneDrive\\Documentos\\U\\5to semestre\\Ingenieria de software 2\\PoliApuestas\\backend\\vendor\\laravel\\framework\\src\\Illuminate\\Database\\Console\\Migrations\\RollbackCommand.php(63): Illuminate\\Database\\Migrations\\Migrator->rollback(Array, Array)
#11 C:\\Users\\parra\\OneDrive\\Documentos\\U\\5to semestre\\Ingenieria de software 2\\PoliApuestas\\backend\\vendor\\laravel\\framework\\src\\Illuminate\\Database\\Migrations\\Migrator.php(633): Illuminate\\Database\\Console\\Migrations\\RollbackCommand->Illuminate\\Database\\Console\\Migrations\\{closure}()
#12 C:\\Users\\parra\\OneDrive\\Documentos\\U\\5to semestre\\Ingenieria de software 2\\PoliApuestas\\backend\\vendor\\laravel\\framework\\src\\Illuminate\\Database\\Console\\Migrations\\RollbackCommand.php(66): Illuminate\\Database\\Migrations\\Migrator->usingConnection(NULL, Object(Closure))
#13 C:\\Users\\parra\\OneDrive\\Documentos\\U\\5to semestre\\Ingenieria de software 2\\PoliApuestas\\backend\\vendor\\laravel\\framework\\src\\Illuminate\\Container\\BoundMethod.php(36): Illuminate\\Database\\Console\\Migrations\\RollbackCommand->handle()
#14 C:\\Users\\parra\\OneDrive\\Documentos\\U\\5to semestre\\Ingenieria de software 2\\PoliApuestas\\backend\\vendor\\laravel\\framework\\src\\Illuminate\\Container\\Util.php(41): Illuminate\\Container\\BoundMethod::Illuminate\\Container\\{closure}()
#15 C:\\Users\\parra\\OneDrive\\Documentos\\U\\5to semestre\\Ingenieria de software 2\\PoliApuestas\\backend\\vendor\\laravel\\framework\\src\\Illuminate\\Container\\BoundMethod.php(93): Illuminate\\Container\\Util::unwrapIfClosure(Object(Closure))
#16 C:\\Users\\parra\\OneDrive\\Documentos\\U\\5to semestre\\Ingenieria de software 2\\PoliApuestas\\backend\\vendor\\laravel\\framework\\src\\Illuminate\\Container\\BoundMethod.php(37): Illuminate\\Container\\BoundMethod::callBoundMethod(Object(Illuminate\\Foundation\\Application), Array, Object(Closure))
#17 C:\\Users\\parra\\OneDrive\\Documentos\\U\\5to semestre\\Ingenieria de software 2\\PoliApuestas\\backend\\vendor\\laravel\\framework\\src\\Illuminate\\Container\\Container.php(662): Illuminate\\Container\\BoundMethod::call(Object(Illuminate\\Foundation\\Application), Array, Array, NULL)
#18 C:\\Users\\parra\\OneDrive\\Documentos\\U\\5to semestre\\Ingenieria de software 2\\PoliApuestas\\backend\\vendor\\laravel\\framework\\src\\Illuminate\\Console\\Command.php(211): Illuminate\\Container\\Container->call(Array)
#19 C:\\Users\\parra\\OneDrive\\Documentos\\U\\5to semestre\\Ingenieria de software 2\\PoliApuestas\\backend\\vendor\\symfony\\console\\Command\\Command.php(326): Illuminate\\Console\\Command->execute(Object(Symfony\\Component\\Console\\Input\\ArgvInput), Object(Illuminate\\Console\\OutputStyle))
#20 C:\\Users\\parra\\OneDrive\\Documentos\\U\\5to semestre\\Ingenieria de software 2\\PoliApuestas\\backend\\vendor\\laravel\\framework\\src\\Illuminate\\Console\\Command.php(181): Symfony\\Component\\Console\\Command\\Command->run(Object(Symfony\\Component\\Console\\Input\\ArgvInput), Object(Illuminate\\Console\\OutputStyle))
#21 C:\\Users\\parra\\OneDrive\\Documentos\\U\\5to semestre\\Ingenieria de software 2\\PoliApuestas\\backend\\vendor\\symfony\\console\\Application.php(1081): Illuminate\\Console\\Command->run(Object(Symfony\\Component\\Console\\Input\\ArgvInput), Object(Symfony\\Component\\Console\\Output\\ConsoleOutput))
#22 C:\\Users\\parra\\OneDrive\\Documentos\\U\\5to semestre\\Ingenieria de software 2\\PoliApuestas\\backend\\vendor\\symfony\\console\\Application.php(320): Symfony\\Component\\Console\\Application->doRunCommand(Object(Illuminate\\Database\\Console\\Migrations\\RollbackCommand), Object(Symfony\\Component\\Console\\Input\\ArgvInput), Object(Symfony\\Component\\Console\\Output\\ConsoleOutput))
#23 C:\\Users\\parra\\OneDrive\\Documentos\\U\\5to semestre\\Ingenieria de software 2\\PoliApuestas\\backend\\vendor\\symfony\\console\\Application.php(174): Symfony\\Component\\Console\\Application->doRun(Object(Symfony\\Component\\Console\\Input\\ArgvInput), Object(Symfony\\Component\\Console\\Output\\ConsoleOutput))
#24 C:\\Users\\parra\\OneDrive\\Documentos\\U\\5to semestre\\Ingenieria de software 2\\PoliApuestas\\backend\\vendor\\laravel\\framework\\src\\Illuminate\\Foundation\\Console\\Kernel.php(201): Symfony\\Component\\Console\\Application->run(Object(Symfony\\Component\\Console\\Input\\ArgvInput), Object(Symfony\\Component\\Console\\Output\\ConsoleOutput))
#25 C:\\Users\\parra\\OneDrive\\Documentos\\U\\5to semestre\\Ingenieria de software 2\\PoliApuestas\\backend\\artisan(37): Illuminate\\Foundation\\Console\\Kernel->handle(Object(Symfony\\Component\\Console\\Input\\ArgvInput), Object(Symfony\\Component\\Console\\Output\\ConsoleOutput))
#26 {main}

[previous exception] [object] (PDOException(code: 2002): SQLSTATE[HY000] [2002] No se puede establecer una conexión ya que el equipo de destino denegó expresamente dicha conexión at C:\\Users\\parra\\OneDrive\\Documentos\\U\\5to semestre\\Ingenieria de software 2\\PoliApuestas\\backend\\vendor\\laravel\\framework\\src\\Illuminate\\Database\\Connectors\\Connector.php:65)
[stacktrace]
#0 C:\\Users\\parra\\OneDrive\\Documentos\\U\\5to semestre\\Ingenieria de software 2\\PoliApuestas\\backend\\vendor\\laravel\\framework\\src\\Illuminate\\Database\\Connectors\\Connector.php(65): PDO->__construct('mysql:host=127....', 'root', '', Array)
#1 C:\\Users\\parra\\OneDrive\\Documentos\\U\\5to semestre\\Ingenieria de software 2\\PoliApuestas\\backend\\vendor\\laravel\\framework\\src\\Illuminate\\Database\\Connectors\\Connector.php(45): Illuminate\\Database\\Connectors\\Connector->createPdoConnection('mysql:host=127....', 'root', '', Array)
#2 C:\\Users\\parra\\OneDrive\\Documentos\\U\\5to semestre\\Ingenieria de software 2\\PoliApuestas\\backend\\vendor\\laravel\\framework\\src\\Illuminate\\Database\\Connectors\\MySqlConnector.php(24): Illuminate\\Database\\Connectors\\Connector->createConnection('mysql:host=127....', Array, Array)
#3 C:\\Users\\parra\\OneDrive\\Documentos\\U\\5to semestre\\Ingenieria de software 2\\PoliApuestas\\backend\\vendor\\laravel\\framework\\src\\Illuminate\\Database\\Connectors\\ConnectionFactory.php(184): Illuminate\\Database\\Connectors\\MySqlConnector->connect(Array)
#4 [internal function]: Illuminate\\Database\\Connectors\\ConnectionFactory->Illuminate\\Database\\Connectors\\{closure}()
#5 C:\\Users\\parra\\OneDrive\\Documentos\\U\\5to semestre\\Ingenieria de software 2\\PoliApuestas\\backend\\vendor\\laravel\\framework\\src\\Illuminate\\Database\\Connection.php(1275): call_user_func(Object(Closure))
#6 C:\\Users\\parra\\OneDrive\\Documentos\\U\\5to semestre\\Ingenieria de software 2\\PoliApuestas\\backend\\vendor\\laravel\\framework\\src\\Illuminate\\Database\\Connection.php(601): Illuminate\\Database\\Connection->getPdo()
#7 C:\\Users\\parra\\OneDrive\\Documentos\\U\\5to semestre\\Ingenieria de software 2\\PoliApuestas\\backend\\vendor\\laravel\\framework\\src\\Illuminate\\Database\\Connection.php(788): Illuminate\\Database\\Connection->Illuminate\\Database\\{closure}('delete from `mi...', Array)
#8 C:\\Users\\parra\\OneDrive\\Documentos\\U\\5to semestre\\Ingenieria de software 2\\PoliApuestas\\backend\\vendor\\laravel\\framework\\src\\Illuminate\\Database\\Connection.php(934): Illuminate\\Database\\Connection->runQueryCallback('delete from `mi...', Array, Object(Closure))
#9 C:\\Users\\parra\\OneDrive\\Documentos\\U\\5to semestre\\Ingenieria de software 2\\PoliApuestas\\backend\\vendor\\laravel\\framework\\src\\Illuminate\\Database\\Connection.php(914): Illuminate\\Database\\Connection->tryAgainIfCausedByLostConnection(Object(Illuminate\\Database\\QueryException), 'delete from `mi...', Array, Object(Closure))
#10 C:\\Users\\parra\\OneDrive\\Documentos\\U\\5to semestre\\Ingenieria de software 2\\PoliApuestas\\backend\\vendor\\laravel\\framework\\src\\Illuminate\\Database\\Connection.php(758): Illuminate\\Database\\Connection->handleQueryException(Object(Illuminate\\Database\\QueryException), 'delete from `mi...', Array, Object(Closure))
#11 C:\\Users\\parra\\OneDrive\\Documentos\\U\\5to semestre\\Ingenieria de software 2\\PoliApuestas\\backend\\vendor\\laravel\\framework\\src\\Illuminate\\Database\\Connection.php(612): Illuminate\\Database\\Connection->run('delete from `mi...', Array, Object(Closure))
#12 C:\\Users\\parra\\OneDrive\\Documentos\\U\\5to semestre\\Ingenieria de software 2\\PoliApuestas\\backend\\vendor\\laravel\\framework\\src\\Illuminate\\Database\\Connection.php(557): Illuminate\\Database\\Connection->affectingStatement('delete from `mi...', Array)
#13 C:\\Users\\parra\\OneDrive\\Documentos\\U\\5to semestre\\Ingenieria de software 2\\PoliApuestas\\backend\\vendor\\laravel\\framework\\src\\Illuminate\\Database\\Query\\Builder.php(3613): Illuminate\\Database\\Connection->delete('delete from `mi...', Array)
#14 C:\\Users\\parra\\OneDrive\\Documentos\\U\\5to semestre\\Ingenieria de software 2\\PoliApuestas\\backend\\vendor\\laravel\\framework\\src\\Illuminate\\Database\\Migrations\\DatabaseMigrationRepository.php(133): Illuminate\\Database\\Query\\Builder->delete()
#15 C:\\Users\\parra\\OneDrive\\Documentos\\U\\5to semestre\\Ingenieria de software 2\\PoliApuestas\\backend\\vendor\\laravel\\framework\\src\\Illuminate\\Database\\Migrations\\Migrator.php(390): Illuminate\\Database\\Migrations\\DatabaseMigrationRepository->delete(Object(stdClass))
#16 C:\\Users\\parra\\OneDrive\\Documentos\\U\\5to semestre\\Ingenieria de software 2\\PoliApuestas\\backend\\vendor\\laravel\\framework\\src\\Illuminate\\Database\\Migrations\\Migrator.php(306): Illuminate\\Database\\Migrations\\Migrator->runDown('C:\\\\Users\\\\parra\\\\...', Object(stdClass), false)
#17 C:\\Users\\parra\\OneDrive\\Documentos\\U\\5to semestre\\Ingenieria de software 2\\PoliApuestas\\backend\\vendor\\laravel\\framework\\src\\Illuminate\\Database\\Migrations\\Migrator.php(246): Illuminate\\Database\\Migrations\\Migrator->rollbackMigrations(Array, Array, Array)
#18 C:\\Users\\parra\\OneDrive\\Documentos\\U\\5to semestre\\Ingenieria de software 2\\PoliApuestas\\backend\\vendor\\laravel\\framework\\src\\Illuminate\\Database\\Console\\Migrations\\RollbackCommand.php(63): Illuminate\\Database\\Migrations\\Migrator->rollback(Array, Array)
#19 C:\\Users\\parra\\OneDrive\\Documentos\\U\\5to semestre\\Ingenieria de software 2\\PoliApuestas\\backend\\vendor\\laravel\\framework\\src\\Illuminate\\Database\\Migrations\\Migrator.php(633): Illuminate\\Database\\Console\\Migrations\\RollbackCommand->Illuminate\\Database\\Console\\Migrations\\{closure}()
#20 C:\\Users\\parra\\OneDrive\\Documentos\\U\\5to semestre\\Ingenieria de software 2\\PoliApuestas\\backend\\vendor\\laravel\\framework\\src\\Illuminate\\Database\\Console\\Migrations\\RollbackCommand.php(66): Illuminate\\Database\\Migrations\\Migrator->usingConnection(NULL, Object(Closure))
#21 C:\\Users\\parra\\OneDrive\\Documentos\\U\\5to semestre\\Ingenieria de software 2\\PoliApuestas\\backend\\vendor\\laravel\\framework\\src\\Illuminate\\Container\\BoundMethod.php(36): Illuminate\\Database\\Console\\Migrations\\RollbackCommand->handle()
#22 C:\\Users\\parra\\OneDrive\\Documentos\\U\\5to semestre\\Ingenieria de software 2\\PoliApuestas\\backend\\vendor\\laravel\\framework\\src\\Illuminate\\Container\\Util.php(41): Illuminate\\Container\\BoundMethod::Illuminate\\Container\\{closure}()
#23 C:\\Users\\parra\\OneDrive\\Documentos\\U\\5to semestre\\Ingenieria de software 2\\PoliApuestas\\backend\\vendor\\laravel\\framework\\src\\Illuminate\\Container\\BoundMethod.php(93): Illuminate\\Container\\Util::unwrapIfClosure(Object(Closure))
#24 C:\\Users\\parra\\OneDrive\\Documentos\\U\\5to semestre\\Ingenieria de software 2\\PoliApuestas\\backend\\vendor\\laravel\\framework\\src\\Illuminate\\Container\\BoundMethod.php(37): Illuminate\\Container\\BoundMethod::callBoundMethod(Object(Illuminate\\Foundation\\Application), Array, Object(Closure))
#25 C:\\Users\\parra\\OneDrive\\Documentos\\U\\5to semestre\\Ingenieria de software 2\\PoliApuestas\\backend\\vendor\\laravel\\framework\\src\\Illuminate\\Container\\Container.php(662): Illuminate\\Container\\BoundMethod::call(Object(Illuminate\\Foundation\\Application), Array, Array, NULL)
#26 C:\\Users\\parra\\OneDrive\\Documentos\\U\\5to semestre\\Ingenieria de software 2\\PoliApuestas\\backend\\vendor\\laravel\\framework\\src\\Illuminate\\Console\\Command.php(211): Illuminate\\Container\\Container->call(Array)
#27 C:\\Users\\parra\\OneDrive\\Documentos\\U\\5to semestre\\Ingenieria de software 2\\PoliApuestas\\backend\\vendor\\symfony\\console\\Command\\Command.php(326): Illuminate\\Console\\Command->execute(Object(Symfony\\Component\\Console\\Input\\ArgvInput), Object(Illuminate\\Console\\OutputStyle))
#28 C:\\Users\\parra\\OneDrive\\Documentos\\U\\5to semestre\\Ingenieria de software 2\\PoliApuestas\\backend\\vendor\\laravel\\framework\\src\\Illuminate\\Console\\Command.php(181): Symfony\\Component\\Console\\Command\\Command->run(Object(Symfony\\Component\\Console\\Input\\ArgvInput), Object(Illuminate\\Console\\OutputStyle))
#29 C:\\Users\\parra\\OneDrive\\Documentos\\U\\5to semestre\\Ingenieria de software 2\\PoliApuestas\\backend\\vendor\\symfony\\console\\Application.php(1081): Illuminate\\Console\\Command->run(Object(Symfony\\Component\\Console\\Input\\ArgvInput), Object(Symfony\\Component\\Console\\Output\\ConsoleOutput))
#30 C:\\Users\\parra\\OneDrive\\Documentos\\U\\5to semestre\\Ingenieria de software 2\\PoliApuestas\\backend\\vendor\\symfony\\console\\Application.php(320): Symfony\\Component\\Console\\Application->doRunCommand(Object(Illuminate\\Database\\Console\\Migrations\\RollbackCommand), Object(Symfony\\Component\\Console\\Input\\ArgvInput), Object(Symfony\\Component\\Console\\Output\\ConsoleOutput))
#31 C:\\Users\\parra\\OneDrive\\Documentos\\U\\5to semestre\\Ingenieria de software 2\\PoliApuestas\\backend\\vendor\\symfony\\console\\Application.php(174): Symfony\\Component\\Console\\Application->doRun(Object(Symfony\\Component\\Console\\Input\\ArgvInput), Object(Symfony\\Component\\Console\\Output\\ConsoleOutput))
#32 C:\\Users\\parra\\OneDrive\\Documentos\\U\\5to semestre\\Ingenieria de software 2\\PoliApuestas\\backend\\vendor\\laravel\\framework\\src\\Illuminate\\Foundation\\Console\\Kernel.php(201): Symfony\\Component\\Console\\Application->run(Object(Symfony\\Component\\Console\\Input\\ArgvInput), Object(Symfony\\Component\\Console\\Output\\ConsoleOutput))
#33 C:\\Users\\parra\\OneDrive\\Documentos\\U\\5to semestre\\Ingenieria de software 2\\PoliApuestas\\backend\\artisan(37): Illuminate\\Foundation\\Console\\Kernel->handle(Object(Symfony\\Component\\Console\\Input\\ArgvInput), Object(Symfony\\Component\\Console\\Output\\ConsoleOutput))
#34 {main}
"} 
[2023-11-21 02:02:42] local.ERROR: SQLSTATE[23000]: Integrity constraint violation: 1062 Duplicate entry 'p@gmail.com' for key 'usuarios_email_unique' (Connection: mysql, SQL: insert into `usuarios` (`name`, `secondName`, `lastName`, `secondLastName`, `tipoDocumento`, `numeroDocumento`, `email`, `rol`, `telefono`, `password`, `updated_at`, `created_at`) values (Diego, Alexander, Parra, Calderón, CC, 10649875, p@gmail.com, participante, 123456789, $2y$10$GAs3tYwkIGoc08ZEkcsDoejgd8KeU3z2eNqn12sKcPHBhkG0AF0Vy, 2023-11-21 02:02:42, 2023-11-21 02:02:42)) {"exception":"[object] (Illuminate\\Database\\QueryException(code: 23000): SQLSTATE[23000]: Integrity constraint violation: 1062 Duplicate entry 'p@gmail.com' for key 'usuarios_email_unique' (Connection: mysql, SQL: insert into `usuarios` (`name`, `secondName`, `lastName`, `secondLastName`, `tipoDocumento`, `numeroDocumento`, `email`, `rol`, `telefono`, `password`, `updated_at`, `created_at`) values (Diego, Alexander, Parra, Calderón, CC, 10649875, p@gmail.com, participante, 123456789, $2y$10$GAs3tYwkIGoc08ZEkcsDoejgd8KeU3z2eNqn12sKcPHBhkG0AF0Vy, 2023-11-21 02:02:42, 2023-11-21 02:02:42)) at C:\\Users\\parra\\OneDrive\\Documentos\\U\\5to semestre\\Ingenieria de software 2\\PoliApuestas\\backend\\vendor\\laravel\\framework\\src\\Illuminate\\Database\\Connection.php:795)
[stacktrace]
#0 C:\\Users\\parra\\OneDrive\\Documentos\\U\\5to semestre\\Ingenieria de software 2\\PoliApuestas\\backend\\vendor\\laravel\\framework\\src\\Illuminate\\Database\\Connection.php(755): Illuminate\\Database\\Connection->runQueryCallback('insert into `us...', Array, Object(Closure))
#1 C:\\Users\\parra\\OneDrive\\Documentos\\U\\5to semestre\\Ingenieria de software 2\\PoliApuestas\\backend\\vendor\\laravel\\framework\\src\\Illuminate\\Database\\Connection.php(581): Illuminate\\Database\\Connection->run('insert into `us...', Array, Object(Closure))
#2 C:\\Users\\parra\\OneDrive\\Documentos\\U\\5to semestre\\Ingenieria de software 2\\PoliApuestas\\backend\\vendor\\laravel\\framework\\src\\Illuminate\\Database\\Connection.php(533): Illuminate\\Database\\Connection->statement('insert into `us...', Array)
#3 C:\\Users\\parra\\OneDrive\\Documentos\\U\\5to semestre\\Ingenieria de software 2\\PoliApuestas\\backend\\vendor\\laravel\\framework\\src\\Illuminate\\Database\\Query\\Processors\\Processor.php(32): Illuminate\\Database\\Connection->insert('insert into `us...', Array)
#4 C:\\Users\\parra\\OneDrive\\Documentos\\U\\5to semestre\\Ingenieria de software 2\\PoliApuestas\\backend\\vendor\\laravel\\framework\\src\\Illuminate\\Database\\Query\\Builder.php(3383): Illuminate\\Database\\Query\\Processors\\Processor->processInsertGetId(Object(Illuminate\\Database\\Query\\Builder), 'insert into `us...', Array, 'id')
#5 C:\\Users\\parra\\OneDrive\\Documentos\\U\\5to semestre\\Ingenieria de software 2\\PoliApuestas\\backend\\vendor\\laravel\\framework\\src\\Illuminate\\Database\\Eloquent\\Builder.php(1936): Illuminate\\Database\\Query\\Builder->insertGetId(Array, 'id')
#6 C:\\Users\\parra\\OneDrive\\Documentos\\U\\5to semestre\\Ingenieria de software 2\\PoliApuestas\\backend\\vendor\\laravel\\framework\\src\\Illuminate\\Database\\Eloquent\\Model.php(1333): Illuminate\\Database\\Eloquent\\Builder->__call('insertGetId', Array)
#7 C:\\Users\\parra\\OneDrive\\Documentos\\U\\5to semestre\\Ingenieria de software 2\\PoliApuestas\\backend\\vendor\\laravel\\framework\\src\\Illuminate\\Database\\Eloquent\\Model.php(1298): Illuminate\\Database\\Eloquent\\Model->insertAndSetId(Object(Illuminate\\Database\\Eloquent\\Builder), Array)
#8 C:\\Users\\parra\\OneDrive\\Documentos\\U\\5to semestre\\Ingenieria de software 2\\PoliApuestas\\backend\\vendor\\laravel\\framework\\src\\Illuminate\\Database\\Eloquent\\Model.php(1137): Illuminate\\Database\\Eloquent\\Model->performInsert(Object(Illuminate\\Database\\Eloquent\\Builder))
#9 C:\\Users\\parra\\OneDrive\\Documentos\\U\\5to semestre\\Ingenieria de software 2\\PoliApuestas\\backend\\vendor\\laravel\\framework\\src\\Illuminate\\Database\\Eloquent\\Builder.php(1006): Illuminate\\Database\\Eloquent\\Model->save()
#10 C:\\Users\\parra\\OneDrive\\Documentos\\U\\5to semestre\\Ingenieria de software 2\\PoliApuestas\\backend\\vendor\\laravel\\framework\\src\\Illuminate\\Support\\helpers.php(307): Illuminate\\Database\\Eloquent\\Builder->Illuminate\\Database\\Eloquent\\{closure}(Object(App\\Models\\Usuarios\\Usuario))
#11 C:\\Users\\parra\\OneDrive\\Documentos\\U\\5to semestre\\Ingenieria de software 2\\PoliApuestas\\backend\\vendor\\laravel\\framework\\src\\Illuminate\\Database\\Eloquent\\Builder.php(1007): tap(Object(App\\Models\\Usuarios\\Usuario), Object(Closure))
#12 C:\\Users\\parra\\OneDrive\\Documentos\\U\\5to semestre\\Ingenieria de software 2\\PoliApuestas\\backend\\vendor\\laravel\\framework\\src\\Illuminate\\Support\\Traits\\ForwardsCalls.php(23): Illuminate\\Database\\Eloquent\\Builder->create(Array)
#13 C:\\Users\\parra\\OneDrive\\Documentos\\U\\5to semestre\\Ingenieria de software 2\\PoliApuestas\\backend\\vendor\\laravel\\framework\\src\\Illuminate\\Database\\Eloquent\\Model.php(2333): Illuminate\\Database\\Eloquent\\Model->forwardCallTo(Object(Illuminate\\Database\\Eloquent\\Builder), 'create', Array)
#14 C:\\Users\\parra\\OneDrive\\Documentos\\U\\5to semestre\\Ingenieria de software 2\\PoliApuestas\\backend\\vendor\\laravel\\framework\\src\\Illuminate\\Database\\Eloquent\\Model.php(2345): Illuminate\\Database\\Eloquent\\Model->__call('create', Array)
#15 C:\\Users\\parra\\OneDrive\\Documentos\\U\\5to semestre\\Ingenieria de software 2\\PoliApuestas\\backend\\database\\seeders\\UsuariosSeeder.php(28): Illuminate\\Database\\Eloquent\\Model::__callStatic('create', Array)
#16 C:\\Users\\parra\\OneDrive\\Documentos\\U\\5to semestre\\Ingenieria de software 2\\PoliApuestas\\backend\\vendor\\laravel\\framework\\src\\Illuminate\\Container\\BoundMethod.php(36): Database\\Seeders\\UsuariosSeeder->run()
#17 C:\\Users\\parra\\OneDrive\\Documentos\\U\\5to semestre\\Ingenieria de software 2\\PoliApuestas\\backend\\vendor\\laravel\\framework\\src\\Illuminate\\Container\\Util.php(41): Illuminate\\Container\\BoundMethod::Illuminate\\Container\\{closure}()
#18 C:\\Users\\parra\\OneDrive\\Documentos\\U\\5to semestre\\Ingenieria de software 2\\PoliApuestas\\backend\\vendor\\laravel\\framework\\src\\Illuminate\\Container\\BoundMethod.php(93): Illuminate\\Container\\Util::unwrapIfClosure(Object(Closure))
#19 C:\\Users\\parra\\OneDrive\\Documentos\\U\\5to semestre\\Ingenieria de software 2\\PoliApuestas\\backend\\vendor\\laravel\\framework\\src\\Illuminate\\Container\\BoundMethod.php(37): Illuminate\\Container\\BoundMethod::callBoundMethod(Object(Illuminate\\Foundation\\Application), Array, Object(Closure))
#20 C:\\Users\\parra\\OneDrive\\Documentos\\U\\5to semestre\\Ingenieria de software 2\\PoliApuestas\\backend\\vendor\\laravel\\framework\\src\\Illuminate\\Container\\Container.php(662): Illuminate\\Container\\BoundMethod::call(Object(Illuminate\\Foundation\\Application), Array, Array, NULL)
#21 C:\\Users\\parra\\OneDrive\\Documentos\\U\\5to semestre\\Ingenieria de software 2\\PoliApuestas\\backend\\vendor\\laravel\\framework\\src\\Illuminate\\Database\\Seeder.php(184): Illuminate\\Container\\Container->call(Array, Array)
#22 C:\\Users\\parra\\OneDrive\\Documentos\\U\\5to semestre\\Ingenieria de software 2\\PoliApuestas\\backend\\vendor\\laravel\\framework\\src\\Illuminate\\Database\\Seeder.php(193): Illuminate\\Database\\Seeder->Illuminate\\Database\\{closure}()
#23 C:\\Users\\parra\\OneDrive\\Documentos\\U\\5to semestre\\Ingenieria de software 2\\PoliApuestas\\backend\\vendor\\laravel\\framework\\src\\Illuminate\\Database\\Seeder.php(61): Illuminate\\Database\\Seeder->__invoke(Array)
#24 C:\\Users\\parra\\OneDrive\\Documentos\\U\\5to semestre\\Ingenieria de software 2\\PoliApuestas\\backend\\database\\seeders\\DatabaseSeeder.php(19): Illuminate\\Database\\Seeder->call('Database\\\\Seeder...')
#25 C:\\Users\\parra\\OneDrive\\Documentos\\U\\5to semestre\\Ingenieria de software 2\\PoliApuestas\\backend\\vendor\\laravel\\framework\\src\\Illuminate\\Container\\BoundMethod.php(36): Database\\Seeders\\DatabaseSeeder->run()
#26 C:\\Users\\parra\\OneDrive\\Documentos\\U\\5to semestre\\Ingenieria de software 2\\PoliApuestas\\backend\\vendor\\laravel\\framework\\src\\Illuminate\\Container\\Util.php(41): Illuminate\\Container\\BoundMethod::Illuminate\\Container\\{closure}()
#27 C:\\Users\\parra\\OneDrive\\Documentos\\U\\5to semestre\\Ingenieria de software 2\\PoliApuestas\\backend\\vendor\\laravel\\framework\\src\\Illuminate\\Container\\BoundMethod.php(93): Illuminate\\Container\\Util::unwrapIfClosure(Object(Closure))
#28 C:\\Users\\parra\\OneDrive\\Documentos\\U\\5to semestre\\Ingenieria de software 2\\PoliApuestas\\backend\\vendor\\laravel\\framework\\src\\Illuminate\\Container\\BoundMethod.php(37): Illuminate\\Container\\BoundMethod::callBoundMethod(Object(Illuminate\\Foundation\\Application), Array, Object(Closure))
#29 C:\\Users\\parra\\OneDrive\\Documentos\\U\\5to semestre\\Ingenieria de software 2\\PoliApuestas\\backend\\vendor\\laravel\\framework\\src\\Illuminate\\Container\\Container.php(662): Illuminate\\Container\\BoundMethod::call(Object(Illuminate\\Foundation\\Application), Array, Array, NULL)
#30 C:\\Users\\parra\\OneDrive\\Documentos\\U\\5to semestre\\Ingenieria de software 2\\PoliApuestas\\backend\\vendor\\laravel\\framework\\src\\Illuminate\\Database\\Seeder.php(184): Illuminate\\Container\\Container->call(Array, Array)
#31 C:\\Users\\parra\\OneDrive\\Documentos\\U\\5to semestre\\Ingenieria de software 2\\PoliApuestas\\backend\\vendor\\laravel\\framework\\src\\Illuminate\\Database\\Seeder.php(193): Illuminate\\Database\\Seeder->Illuminate\\Database\\{closure}()
#32 C:\\Users\\parra\\OneDrive\\Documentos\\U\\5to semestre\\Ingenieria de software 2\\PoliApuestas\\backend\\vendor\\laravel\\framework\\src\\Illuminate\\Database\\Console\\Seeds\\SeedCommand.php(70): Illuminate\\Database\\Seeder->__invoke()
#33 C:\\Users\\parra\\OneDrive\\Documentos\\U\\5to semestre\\Ingenieria de software 2\\PoliApuestas\\backend\\vendor\\laravel\\framework\\src\\Illuminate\\Database\\Eloquent\\Concerns\\GuardsAttributes.php(155): Illuminate\\Database\\Console\\Seeds\\SeedCommand->Illuminate\\Database\\Console\\Seeds\\{closure}()
#34 C:\\Users\\parra\\OneDrive\\Documentos\\U\\5to semestre\\Ingenieria de software 2\\PoliApuestas\\backend\\vendor\\laravel\\framework\\src\\Illuminate\\Database\\Console\\Seeds\\SeedCommand.php(71): Illuminate\\Database\\Eloquent\\Model::unguarded(Object(Closure))
#35 C:\\Users\\parra\\OneDrive\\Documentos\\U\\5to semestre\\Ingenieria de software 2\\PoliApuestas\\backend\\vendor\\laravel\\framework\\src\\Illuminate\\Container\\BoundMethod.php(36): Illuminate\\Database\\Console\\Seeds\\SeedCommand->handle()
#36 C:\\Users\\parra\\OneDrive\\Documentos\\U\\5to semestre\\Ingenieria de software 2\\PoliApuestas\\backend\\vendor\\laravel\\framework\\src\\Illuminate\\Container\\Util.php(41): Illuminate\\Container\\BoundMethod::Illuminate\\Container\\{closure}()
#37 C:\\Users\\parra\\OneDrive\\Documentos\\U\\5to semestre\\Ingenieria de software 2\\PoliApuestas\\backend\\vendor\\laravel\\framework\\src\\Illuminate\\Container\\BoundMethod.php(93): Illuminate\\Container\\Util::unwrapIfClosure(Object(Closure))
#38 C:\\Users\\parra\\OneDrive\\Documentos\\U\\5to semestre\\Ingenieria de software 2\\PoliApuestas\\backend\\vendor\\laravel\\framework\\src\\Illuminate\\Container\\BoundMethod.php(37): Illuminate\\Container\\BoundMethod::callBoundMethod(Object(Illuminate\\Foundation\\Application), Array, Object(Closure))
#39 C:\\Users\\parra\\OneDrive\\Documentos\\U\\5to semestre\\Ingenieria de software 2\\PoliApuestas\\backend\\vendor\\laravel\\framework\\src\\Illuminate\\Container\\Container.php(662): Illuminate\\Container\\BoundMethod::call(Object(Illuminate\\Foundation\\Application), Array, Array, NULL)
#40 C:\\Users\\parra\\OneDrive\\Documentos\\U\\5to semestre\\Ingenieria de software 2\\PoliApuestas\\backend\\vendor\\laravel\\framework\\src\\Illuminate\\Console\\Command.php(211): Illuminate\\Container\\Container->call(Array)
#41 C:\\Users\\parra\\OneDrive\\Documentos\\U\\5to semestre\\Ingenieria de software 2\\PoliApuestas\\backend\\vendor\\symfony\\console\\Command\\Command.php(326): Illuminate\\Console\\Command->execute(Object(Symfony\\Component\\Console\\Input\\ArrayInput), Object(Illuminate\\Console\\OutputStyle))
#42 C:\\Users\\parra\\OneDrive\\Documentos\\U\\5to semestre\\Ingenieria de software 2\\PoliApuestas\\backend\\vendor\\laravel\\framework\\src\\Illuminate\\Console\\Command.php(181): Symfony\\Component\\Console\\Command\\Command->run(Object(Symfony\\Component\\Console\\Input\\ArrayInput), Object(Illuminate\\Console\\OutputStyle))
#43 C:\\Users\\parra\\OneDrive\\Documentos\\U\\5to semestre\\Ingenieria de software 2\\PoliApuestas\\backend\\vendor\\laravel\\framework\\src\\Illuminate\\Console\\Concerns\\CallsCommands.php(68): Illuminate\\Console\\Command->run(Object(Symfony\\Component\\Console\\Input\\ArrayInput), Object(Illuminate\\Console\\OutputStyle))
#44 C:\\Users\\parra\\OneDrive\\Documentos\\U\\5to semestre\\Ingenieria de software 2\\PoliApuestas\\backend\\vendor\\laravel\\framework\\src\\Illuminate\\Console\\Concerns\\CallsCommands.php(28): Illuminate\\Console\\Command->runCommand('db:seed', Array, Object(Illuminate\\Console\\OutputStyle))
#45 C:\\Users\\parra\\OneDrive\\Documentos\\U\\5to semestre\\Ingenieria de software 2\\PoliApuestas\\backend\\vendor\\laravel\\framework\\src\\Illuminate\\Database\\Console\\Migrations\\MigrateCommand.php(100): Illuminate\\Console\\Command->call('db:seed', Array)
#46 C:\\Users\\parra\\OneDrive\\Documentos\\U\\5to semestre\\Ingenieria de software 2\\PoliApuestas\\backend\\vendor\\laravel\\framework\\src\\Illuminate\\Database\\Migrations\\Migrator.php(633): Illuminate\\Database\\Console\\Migrations\\MigrateCommand->Illuminate\\Database\\Console\\Migrations\\{closure}()
#47 C:\\Users\\parra\\OneDrive\\Documentos\\U\\5to semestre\\Ingenieria de software 2\\PoliApuestas\\backend\\vendor\\laravel\\framework\\src\\Illuminate\\Database\\Console\\Migrations\\MigrateCommand.php(104): Illuminate\\Database\\Migrations\\Migrator->usingConnection(NULL, Object(Closure))
#48 C:\\Users\\parra\\OneDrive\\Documentos\\U\\5to semestre\\Ingenieria de software 2\\PoliApuestas\\backend\\vendor\\laravel\\framework\\src\\Illuminate\\Container\\BoundMethod.php(36): Illuminate\\Database\\Console\\Migrations\\MigrateCommand->handle()
#49 C:\\Users\\parra\\OneDrive\\Documentos\\U\\5to semestre\\Ingenieria de software 2\\PoliApuestas\\backend\\vendor\\laravel\\framework\\src\\Illuminate\\Container\\Util.php(41): Illuminate\\Container\\BoundMethod::Illuminate\\Container\\{closure}()
#50 C:\\Users\\parra\\OneDrive\\Documentos\\U\\5to semestre\\Ingenieria de software 2\\PoliApuestas\\backend\\vendor\\laravel\\framework\\src\\Illuminate\\Container\\BoundMethod.php(93): Illuminate\\Container\\Util::unwrapIfClosure(Object(Closure))
#51 C:\\Users\\parra\\OneDrive\\Documentos\\U\\5to semestre\\Ingenieria de software 2\\PoliApuestas\\backend\\vendor\\laravel\\framework\\src\\Illuminate\\Container\\BoundMethod.php(37): Illuminate\\Container\\BoundMethod::callBoundMethod(Object(Illuminate\\Foundation\\Application), Array, Object(Closure))
#52 C:\\Users\\parra\\OneDrive\\Documentos\\U\\5to semestre\\Ingenieria de software 2\\PoliApuestas\\backend\\vendor\\laravel\\framework\\src\\Illuminate\\Container\\Container.php(662): Illuminate\\Container\\BoundMethod::call(Object(Illuminate\\Foundation\\Application), Array, Array, NULL)
#53 C:\\Users\\parra\\OneDrive\\Documentos\\U\\5to semestre\\Ingenieria de software 2\\PoliApuestas\\backend\\vendor\\laravel\\framework\\src\\Illuminate\\Console\\Command.php(211): Illuminate\\Container\\Container->call(Array)
#54 C:\\Users\\parra\\OneDrive\\Documentos\\U\\5to semestre\\Ingenieria de software 2\\PoliApuestas\\backend\\vendor\\symfony\\console\\Command\\Command.php(326): Illuminate\\Console\\Command->execute(Object(Symfony\\Component\\Console\\Input\\ArgvInput), Object(Illuminate\\Console\\OutputStyle))
#55 C:\\Users\\parra\\OneDrive\\Documentos\\U\\5to semestre\\Ingenieria de software 2\\PoliApuestas\\backend\\vendor\\laravel\\framework\\src\\Illuminate\\Console\\Command.php(181): Symfony\\Component\\Console\\Command\\Command->run(Object(Symfony\\Component\\Console\\Input\\ArgvInput), Object(Illuminate\\Console\\OutputStyle))
#56 C:\\Users\\parra\\OneDrive\\Documentos\\U\\5to semestre\\Ingenieria de software 2\\PoliApuestas\\backend\\vendor\\symfony\\console\\Application.php(1081): Illuminate\\Console\\Command->run(Object(Symfony\\Component\\Console\\Input\\ArgvInput), Object(Symfony\\Component\\Console\\Output\\ConsoleOutput))
#57 C:\\Users\\parra\\OneDrive\\Documentos\\U\\5to semestre\\Ingenieria de software 2\\PoliApuestas\\backend\\vendor\\symfony\\console\\Application.php(320): Symfony\\Component\\Console\\Application->doRunCommand(Object(Illuminate\\Database\\Console\\Migrations\\MigrateCommand), Object(Symfony\\Component\\Console\\Input\\ArgvInput), Object(Symfony\\Component\\Console\\Output\\ConsoleOutput))
#58 C:\\Users\\parra\\OneDrive\\Documentos\\U\\5to semestre\\Ingenieria de software 2\\PoliApuestas\\backend\\vendor\\symfony\\console\\Application.php(174): Symfony\\Component\\Console\\Application->doRun(Object(Symfony\\Component\\Console\\Input\\ArgvInput), Object(Symfony\\Component\\Console\\Output\\ConsoleOutput))
#59 C:\\Users\\parra\\OneDrive\\Documentos\\U\\5to semestre\\Ingenieria de software 2\\PoliApuestas\\backend\\vendor\\laravel\\framework\\src\\Illuminate\\Foundation\\Console\\Kernel.php(201): Symfony\\Component\\Console\\Application->run(Object(Symfony\\Component\\Console\\Input\\ArgvInput), Object(Symfony\\Component\\Console\\Output\\ConsoleOutput))
#60 C:\\Users\\parra\\OneDrive\\Documentos\\U\\5to semestre\\Ingenieria de software 2\\PoliApuestas\\backend\\artisan(37): Illuminate\\Foundation\\Console\\Kernel->handle(Object(Symfony\\Component\\Console\\Input\\ArgvInput), Object(Symfony\\Component\\Console\\Output\\ConsoleOutput))
#61 {main}

[previous exception] [object] (PDOException(code: 23000): SQLSTATE[23000]: Integrity constraint violation: 1062 Duplicate entry 'p@gmail.com' for key 'usuarios_email_unique' at C:\\Users\\parra\\OneDrive\\Documentos\\U\\5to semestre\\Ingenieria de software 2\\PoliApuestas\\backend\\vendor\\laravel\\framework\\src\\Illuminate\\Database\\Connection.php:580)
[stacktrace]
#0 C:\\Users\\parra\\OneDrive\\Documentos\\U\\5to semestre\\Ingenieria de software 2\\PoliApuestas\\backend\\vendor\\laravel\\framework\\src\\Illuminate\\Database\\Connection.php(580): PDOStatement->execute()
#1 C:\\Users\\parra\\OneDrive\\Documentos\\U\\5to semestre\\Ingenieria de software 2\\PoliApuestas\\backend\\vendor\\laravel\\framework\\src\\Illuminate\\Database\\Connection.php(788): Illuminate\\Database\\Connection->Illuminate\\Database\\{closure}('insert into `us...', Array)
#2 C:\\Users\\parra\\OneDrive\\Documentos\\U\\5to semestre\\Ingenieria de software 2\\PoliApuestas\\backend\\vendor\\laravel\\framework\\src\\Illuminate\\Database\\Connection.php(755): Illuminate\\Database\\Connection->runQueryCallback('insert into `us...', Array, Object(Closure))
#3 C:\\Users\\parra\\OneDrive\\Documentos\\U\\5to semestre\\Ingenieria de software 2\\PoliApuestas\\backend\\vendor\\laravel\\framework\\src\\Illuminate\\Database\\Connection.php(581): Illuminate\\Database\\Connection->run('insert into `us...', Array, Object(Closure))
#4 C:\\Users\\parra\\OneDrive\\Documentos\\U\\5to semestre\\Ingenieria de software 2\\PoliApuestas\\backend\\vendor\\laravel\\framework\\src\\Illuminate\\Database\\Connection.php(533): Illuminate\\Database\\Connection->statement('insert into `us...', Array)
#5 C:\\Users\\parra\\OneDrive\\Documentos\\U\\5to semestre\\Ingenieria de software 2\\PoliApuestas\\backend\\vendor\\laravel\\framework\\src\\Illuminate\\Database\\Query\\Processors\\Processor.php(32): Illuminate\\Database\\Connection->insert('insert into `us...', Array)
#6 C:\\Users\\parra\\OneDrive\\Documentos\\U\\5to semestre\\Ingenieria de software 2\\PoliApuestas\\backend\\vendor\\laravel\\framework\\src\\Illuminate\\Database\\Query\\Builder.php(3383): Illuminate\\Database\\Query\\Processors\\Processor->processInsertGetId(Object(Illuminate\\Database\\Query\\Builder), 'insert into `us...', Array, 'id')
#7 C:\\Users\\parra\\OneDrive\\Documentos\\U\\5to semestre\\Ingenieria de software 2\\PoliApuestas\\backend\\vendor\\laravel\\framework\\src\\Illuminate\\Database\\Eloquent\\Builder.php(1936): Illuminate\\Database\\Query\\Builder->insertGetId(Array, 'id')
#8 C:\\Users\\parra\\OneDrive\\Documentos\\U\\5to semestre\\Ingenieria de software 2\\PoliApuestas\\backend\\vendor\\laravel\\framework\\src\\Illuminate\\Database\\Eloquent\\Model.php(1333): Illuminate\\Database\\Eloquent\\Builder->__call('insertGetId', Array)
#9 C:\\Users\\parra\\OneDrive\\Documentos\\U\\5to semestre\\Ingenieria de software 2\\PoliApuestas\\backend\\vendor\\laravel\\framework\\src\\Illuminate\\Database\\Eloquent\\Model.php(1298): Illuminate\\Database\\Eloquent\\Model->insertAndSetId(Object(Illuminate\\Database\\Eloquent\\Builder), Array)
#10 C:\\Users\\parra\\OneDrive\\Documentos\\U\\5to semestre\\Ingenieria de software 2\\PoliApuestas\\backend\\vendor\\laravel\\framework\\src\\Illuminate\\Database\\Eloquent\\Model.php(1137): Illuminate\\Database\\Eloquent\\Model->performInsert(Object(Illuminate\\Database\\Eloquent\\Builder))
#11 C:\\Users\\parra\\OneDrive\\Documentos\\U\\5to semestre\\Ingenieria de software 2\\PoliApuestas\\backend\\vendor\\laravel\\framework\\src\\Illuminate\\Database\\Eloquent\\Builder.php(1006): Illuminate\\Database\\Eloquent\\Model->save()
#12 C:\\Users\\parra\\OneDrive\\Documentos\\U\\5to semestre\\Ingenieria de software 2\\PoliApuestas\\backend\\vendor\\laravel\\framework\\src\\Illuminate\\Support\\helpers.php(307): Illuminate\\Database\\Eloquent\\Builder->Illuminate\\Database\\Eloquent\\{closure}(Object(App\\Models\\Usuarios\\Usuario))
#13 C:\\Users\\parra\\OneDrive\\Documentos\\U\\5to semestre\\Ingenieria de software 2\\PoliApuestas\\backend\\vendor\\laravel\\framework\\src\\Illuminate\\Database\\Eloquent\\Builder.php(1007): tap(Object(App\\Models\\Usuarios\\Usuario), Object(Closure))
#14 C:\\Users\\parra\\OneDrive\\Documentos\\U\\5to semestre\\Ingenieria de software 2\\PoliApuestas\\backend\\vendor\\laravel\\framework\\src\\Illuminate\\Support\\Traits\\ForwardsCalls.php(23): Illuminate\\Database\\Eloquent\\Builder->create(Array)
#15 C:\\Users\\parra\\OneDrive\\Documentos\\U\\5to semestre\\Ingenieria de software 2\\PoliApuestas\\backend\\vendor\\laravel\\framework\\src\\Illuminate\\Database\\Eloquent\\Model.php(2333): Illuminate\\Database\\Eloquent\\Model->forwardCallTo(Object(Illuminate\\Database\\Eloquent\\Builder), 'create', Array)
#16 C:\\Users\\parra\\OneDrive\\Documentos\\U\\5to semestre\\Ingenieria de software 2\\PoliApuestas\\backend\\vendor\\laravel\\framework\\src\\Illuminate\\Database\\Eloquent\\Model.php(2345): Illuminate\\Database\\Eloquent\\Model->__call('create', Array)
#17 C:\\Users\\parra\\OneDrive\\Documentos\\U\\5to semestre\\Ingenieria de software 2\\PoliApuestas\\backend\\database\\seeders\\UsuariosSeeder.php(28): Illuminate\\Database\\Eloquent\\Model::__callStatic('create', Array)
#18 C:\\Users\\parra\\OneDrive\\Documentos\\U\\5to semestre\\Ingenieria de software 2\\PoliApuestas\\backend\\vendor\\laravel\\framework\\src\\Illuminate\\Container\\BoundMethod.php(36): Database\\Seeders\\UsuariosSeeder->run()
#19 C:\\Users\\parra\\OneDrive\\Documentos\\U\\5to semestre\\Ingenieria de software 2\\PoliApuestas\\backend\\vendor\\laravel\\framework\\src\\Illuminate\\Container\\Util.php(41): Illuminate\\Container\\BoundMethod::Illuminate\\Container\\{closure}()
#20 C:\\Users\\parra\\OneDrive\\Documentos\\U\\5to semestre\\Ingenieria de software 2\\PoliApuestas\\backend\\vendor\\laravel\\framework\\src\\Illuminate\\Container\\BoundMethod.php(93): Illuminate\\Container\\Util::unwrapIfClosure(Object(Closure))
#21 C:\\Users\\parra\\OneDrive\\Documentos\\U\\5to semestre\\Ingenieria de software 2\\PoliApuestas\\backend\\vendor\\laravel\\framework\\src\\Illuminate\\Container\\BoundMethod.php(37): Illuminate\\Container\\BoundMethod::callBoundMethod(Object(Illuminate\\Foundation\\Application), Array, Object(Closure))
#22 C:\\Users\\parra\\OneDrive\\Documentos\\U\\5to semestre\\Ingenieria de software 2\\PoliApuestas\\backend\\vendor\\laravel\\framework\\src\\Illuminate\\Container\\Container.php(662): Illuminate\\Container\\BoundMethod::call(Object(Illuminate\\Foundation\\Application), Array, Array, NULL)
#23 C:\\Users\\parra\\OneDrive\\Documentos\\U\\5to semestre\\Ingenieria de software 2\\PoliApuestas\\backend\\vendor\\laravel\\framework\\src\\Illuminate\\Database\\Seeder.php(184): Illuminate\\Container\\Container->call(Array, Array)
#24 C:\\Users\\parra\\OneDrive\\Documentos\\U\\5to semestre\\Ingenieria de software 2\\PoliApuestas\\backend\\vendor\\laravel\\framework\\src\\Illuminate\\Database\\Seeder.php(193): Illuminate\\Database\\Seeder->Illuminate\\Database\\{closure}()
#25 C:\\Users\\parra\\OneDrive\\Documentos\\U\\5to semestre\\Ingenieria de software 2\\PoliApuestas\\backend\\vendor\\laravel\\framework\\src\\Illuminate\\Database\\Seeder.php(61): Illuminate\\Database\\Seeder->__invoke(Array)
#26 C:\\Users\\parra\\OneDrive\\Documentos\\U\\5to semestre\\Ingenieria de software 2\\PoliApuestas\\backend\\database\\seeders\\DatabaseSeeder.php(19): Illuminate\\Database\\Seeder->call('Database\\\\Seeder...')
#27 C:\\Users\\parra\\OneDrive\\Documentos\\U\\5to semestre\\Ingenieria de software 2\\PoliApuestas\\backend\\vendor\\laravel\\framework\\src\\Illuminate\\Container\\BoundMethod.php(36): Database\\Seeders\\DatabaseSeeder->run()
#28 C:\\Users\\parra\\OneDrive\\Documentos\\U\\5to semestre\\Ingenieria de software 2\\PoliApuestas\\backend\\vendor\\laravel\\framework\\src\\Illuminate\\Container\\Util.php(41): Illuminate\\Container\\BoundMethod::Illuminate\\Container\\{closure}()
#29 C:\\Users\\parra\\OneDrive\\Documentos\\U\\5to semestre\\Ingenieria de software 2\\PoliApuestas\\backend\\vendor\\laravel\\framework\\src\\Illuminate\\Container\\BoundMethod.php(93): Illuminate\\Container\\Util::unwrapIfClosure(Object(Closure))
#30 C:\\Users\\parra\\OneDrive\\Documentos\\U\\5to semestre\\Ingenieria de software 2\\PoliApuestas\\backend\\vendor\\laravel\\framework\\src\\Illuminate\\Container\\BoundMethod.php(37): Illuminate\\Container\\BoundMethod::callBoundMethod(Object(Illuminate\\Foundation\\Application), Array, Object(Closure))
#31 C:\\Users\\parra\\OneDrive\\Documentos\\U\\5to semestre\\Ingenieria de software 2\\PoliApuestas\\backend\\vendor\\laravel\\framework\\src\\Illuminate\\Container\\Container.php(662): Illuminate\\Container\\BoundMethod::call(Object(Illuminate\\Foundation\\Application), Array, Array, NULL)
#32 C:\\Users\\parra\\OneDrive\\Documentos\\U\\5to semestre\\Ingenieria de software 2\\PoliApuestas\\backend\\vendor\\laravel\\framework\\src\\Illuminate\\Database\\Seeder.php(184): Illuminate\\Container\\Container->call(Array, Array)
#33 C:\\Users\\parra\\OneDrive\\Documentos\\U\\5to semestre\\Ingenieria de software 2\\PoliApuestas\\backend\\vendor\\laravel\\framework\\src\\Illuminate\\Database\\Seeder.php(193): Illuminate\\Database\\Seeder->Illuminate\\Database\\{closure}()
#34 C:\\Users\\parra\\OneDrive\\Documentos\\U\\5to semestre\\Ingenieria de software 2\\PoliApuestas\\backend\\vendor\\laravel\\framework\\src\\Illuminate\\Database\\Console\\Seeds\\SeedCommand.php(70): Illuminate\\Database\\Seeder->__invoke()
#35 C:\\Users\\parra\\OneDrive\\Documentos\\U\\5to semestre\\Ingenieria de software 2\\PoliApuestas\\backend\\vendor\\laravel\\framework\\src\\Illuminate\\Database\\Eloquent\\Concerns\\GuardsAttributes.php(155): Illuminate\\Database\\Console\\Seeds\\SeedCommand->Illuminate\\Database\\Console\\Seeds\\{closure}()
#36 C:\\Users\\parra\\OneDrive\\Documentos\\U\\5to semestre\\Ingenieria de software 2\\PoliApuestas\\backend\\vendor\\laravel\\framework\\src\\Illuminate\\Database\\Console\\Seeds\\SeedCommand.php(71): Illuminate\\Database\\Eloquent\\Model::unguarded(Object(Closure))
#37 C:\\Users\\parra\\OneDrive\\Documentos\\U\\5to semestre\\Ingenieria de software 2\\PoliApuestas\\backend\\vendor\\laravel\\framework\\src\\Illuminate\\Container\\BoundMethod.php(36): Illuminate\\Database\\Console\\Seeds\\SeedCommand->handle()
#38 C:\\Users\\parra\\OneDrive\\Documentos\\U\\5to semestre\\Ingenieria de software 2\\PoliApuestas\\backend\\vendor\\laravel\\framework\\src\\Illuminate\\Container\\Util.php(41): Illuminate\\Container\\BoundMethod::Illuminate\\Container\\{closure}()
#39 C:\\Users\\parra\\OneDrive\\Documentos\\U\\5to semestre\\Ingenieria de software 2\\PoliApuestas\\backend\\vendor\\laravel\\framework\\src\\Illuminate\\Container\\BoundMethod.php(93): Illuminate\\Container\\Util::unwrapIfClosure(Object(Closure))
#40 C:\\Users\\parra\\OneDrive\\Documentos\\U\\5to semestre\\Ingenieria de software 2\\PoliApuestas\\backend\\vendor\\laravel\\framework\\src\\Illuminate\\Container\\BoundMethod.php(37): Illuminate\\Container\\BoundMethod::callBoundMethod(Object(Illuminate\\Foundation\\Application), Array, Object(Closure))
#41 C:\\Users\\parra\\OneDrive\\Documentos\\U\\5to semestre\\Ingenieria de software 2\\PoliApuestas\\backend\\vendor\\laravel\\framework\\src\\Illuminate\\Container\\Container.php(662): Illuminate\\Container\\BoundMethod::call(Object(Illuminate\\Foundation\\Application), Array, Array, NULL)
#42 C:\\Users\\parra\\OneDrive\\Documentos\\U\\5to semestre\\Ingenieria de software 2\\PoliApuestas\\backend\\vendor\\laravel\\framework\\src\\Illuminate\\Console\\Command.php(211): Illuminate\\Container\\Container->call(Array)
#43 C:\\Users\\parra\\OneDrive\\Documentos\\U\\5to semestre\\Ingenieria de software 2\\PoliApuestas\\backend\\vendor\\symfony\\console\\Command\\Command.php(326): Illuminate\\Console\\Command->execute(Object(Symfony\\Component\\Console\\Input\\ArrayInput), Object(Illuminate\\Console\\OutputStyle))
#44 C:\\Users\\parra\\OneDrive\\Documentos\\U\\5to semestre\\Ingenieria de software 2\\PoliApuestas\\backend\\vendor\\laravel\\framework\\src\\Illuminate\\Console\\Command.php(181): Symfony\\Component\\Console\\Command\\Command->run(Object(Symfony\\Component\\Console\\Input\\ArrayInput), Object(Illuminate\\Console\\OutputStyle))
#45 C:\\Users\\parra\\OneDrive\\Documentos\\U\\5to semestre\\Ingenieria de software 2\\PoliApuestas\\backend\\vendor\\laravel\\framework\\src\\Illuminate\\Console\\Concerns\\CallsCommands.php(68): Illuminate\\Console\\Command->run(Object(Symfony\\Component\\Console\\Input\\ArrayInput), Object(Illuminate\\Console\\OutputStyle))
#46 C:\\Users\\parra\\OneDrive\\Documentos\\U\\5to semestre\\Ingenieria de software 2\\PoliApuestas\\backend\\vendor\\laravel\\framework\\src\\Illuminate\\Console\\Concerns\\CallsCommands.php(28): Illuminate\\Console\\Command->runCommand('db:seed', Array, Object(Illuminate\\Console\\OutputStyle))
#47 C:\\Users\\parra\\OneDrive\\Documentos\\U\\5to semestre\\Ingenieria de software 2\\PoliApuestas\\backend\\vendor\\laravel\\framework\\src\\Illuminate\\Database\\Console\\Migrations\\MigrateCommand.php(100): Illuminate\\Console\\Command->call('db:seed', Array)
#48 C:\\Users\\parra\\OneDrive\\Documentos\\U\\5to semestre\\Ingenieria de software 2\\PoliApuestas\\backend\\vendor\\laravel\\framework\\src\\Illuminate\\Database\\Migrations\\Migrator.php(633): Illuminate\\Database\\Console\\Migrations\\MigrateCommand->Illuminate\\Database\\Console\\Migrations\\{closure}()
#49 C:\\Users\\parra\\OneDrive\\Documentos\\U\\5to semestre\\Ingenieria de software 2\\PoliApuestas\\backend\\vendor\\laravel\\framework\\src\\Illuminate\\Database\\Console\\Migrations\\MigrateCommand.php(104): Illuminate\\Database\\Migrations\\Migrator->usingConnection(NULL, Object(Closure))
#50 C:\\Users\\parra\\OneDrive\\Documentos\\U\\5to semestre\\Ingenieria de software 2\\PoliApuestas\\backend\\vendor\\laravel\\framework\\src\\Illuminate\\Container\\BoundMethod.php(36): Illuminate\\Database\\Console\\Migrations\\MigrateCommand->handle()
#51 C:\\Users\\parra\\OneDrive\\Documentos\\U\\5to semestre\\Ingenieria de software 2\\PoliApuestas\\backend\\vendor\\laravel\\framework\\src\\Illuminate\\Container\\Util.php(41): Illuminate\\Container\\BoundMethod::Illuminate\\Container\\{closure}()
#52 C:\\Users\\parra\\OneDrive\\Documentos\\U\\5to semestre\\Ingenieria de software 2\\PoliApuestas\\backend\\vendor\\laravel\\framework\\src\\Illuminate\\Container\\BoundMethod.php(93): Illuminate\\Container\\Util::unwrapIfClosure(Object(Closure))
#53 C:\\Users\\parra\\OneDrive\\Documentos\\U\\5to semestre\\Ingenieria de software 2\\PoliApuestas\\backend\\vendor\\laravel\\framework\\src\\Illuminate\\Container\\BoundMethod.php(37): Illuminate\\Container\\BoundMethod::callBoundMethod(Object(Illuminate\\Foundation\\Application), Array, Object(Closure))
#54 C:\\Users\\parra\\OneDrive\\Documentos\\U\\5to semestre\\Ingenieria de software 2\\PoliApuestas\\backend\\vendor\\laravel\\framework\\src\\Illuminate\\Container\\Container.php(662): Illuminate\\Container\\BoundMethod::call(Object(Illuminate\\Foundation\\Application), Array, Array, NULL)
#55 C:\\Users\\parra\\OneDrive\\Documentos\\U\\5to semestre\\Ingenieria de software 2\\PoliApuestas\\backend\\vendor\\laravel\\framework\\src\\Illuminate\\Console\\Command.php(211): Illuminate\\Container\\Container->call(Array)
#56 C:\\Users\\parra\\OneDrive\\Documentos\\U\\5to semestre\\Ingenieria de software 2\\PoliApuestas\\backend\\vendor\\symfony\\console\\Command\\Command.php(326): Illuminate\\Console\\Command->execute(Object(Symfony\\Component\\Console\\Input\\ArgvInput), Object(Illuminate\\Console\\OutputStyle))
#57 C:\\Users\\parra\\OneDrive\\Documentos\\U\\5to semestre\\Ingenieria de software 2\\PoliApuestas\\backend\\vendor\\laravel\\framework\\src\\Illuminate\\Console\\Command.php(181): Symfony\\Component\\Console\\Command\\Command->run(Object(Symfony\\Component\\Console\\Input\\ArgvInput), Object(Illuminate\\Console\\OutputStyle))
#58 C:\\Users\\parra\\OneDrive\\Documentos\\U\\5to semestre\\Ingenieria de software 2\\PoliApuestas\\backend\\vendor\\symfony\\console\\Application.php(1081): Illuminate\\Console\\Command->run(Object(Symfony\\Component\\Console\\Input\\ArgvInput), Object(Symfony\\Component\\Console\\Output\\ConsoleOutput))
#59 C:\\Users\\parra\\OneDrive\\Documentos\\U\\5to semestre\\Ingenieria de software 2\\PoliApuestas\\backend\\vendor\\symfony\\console\\Application.php(320): Symfony\\Component\\Console\\Application->doRunCommand(Object(Illuminate\\Database\\Console\\Migrations\\MigrateCommand), Object(Symfony\\Component\\Console\\Input\\ArgvInput), Object(Symfony\\Component\\Console\\Output\\ConsoleOutput))
#60 C:\\Users\\parra\\OneDrive\\Documentos\\U\\5to semestre\\Ingenieria de software 2\\PoliApuestas\\backend\\vendor\\symfony\\console\\Application.php(174): Symfony\\Component\\Console\\Application->doRun(Object(Symfony\\Component\\Console\\Input\\ArgvInput), Object(Symfony\\Component\\Console\\Output\\ConsoleOutput))
#61 C:\\Users\\parra\\OneDrive\\Documentos\\U\\5to semestre\\Ingenieria de software 2\\PoliApuestas\\backend\\vendor\\laravel\\framework\\src\\Illuminate\\Foundation\\Console\\Kernel.php(201): Symfony\\Component\\Console\\Application->run(Object(Symfony\\Component\\Console\\Input\\ArgvInput), Object(Symfony\\Component\\Console\\Output\\ConsoleOutput))
#62 C:\\Users\\parra\\OneDrive\\Documentos\\U\\5to semestre\\Ingenieria de software 2\\PoliApuestas\\backend\\artisan(37): Illuminate\\Foundation\\Console\\Kernel->handle(Object(Symfony\\Component\\Console\\Input\\ArgvInput), Object(Symfony\\Component\\Console\\Output\\ConsoleOutput))
#63 {main}
"} 
